<?xml version="1.0" encoding="UTF-8"?>
<robot generator="Robot 6.1.1 (Python 3.13.9 on win32)" generated="20251116 23:26:44.765" rpa="false" schemaversion="4">
<suite id="s1" name="Login" source="C:\Users\heikk\ohtuvarasto2\osa3\login-robot\src\tests\login.robot">
<test id="s1-t1" name="Login With Correct Credentials" line="6">
<kw name="Create User And Input Login Command" type="SETUP">
<kw name="Create User" library="AppLibrary">
<arg>kalle</arg>
<arg>kalle123</arg>
<status status="PASS" starttime="20251116 23:26:44.815" endtime="20251116 23:26:44.815"/>
</kw>
<kw name="Input Login Command" library="resource">
<kw name="Input" library="AppLibrary">
<arg>login</arg>
<status status="PASS" starttime="20251116 23:26:44.815" endtime="20251116 23:26:44.815"/>
</kw>
<status status="PASS" starttime="20251116 23:26:44.815" endtime="20251116 23:26:44.815"/>
</kw>
<status status="PASS" starttime="20251116 23:26:44.815" endtime="20251116 23:26:44.815"/>
</kw>
<kw name="Input Credentials" library="resource">
<arg>kalle</arg>
<arg>kalle123</arg>
<kw name="Input" library="AppLibrary">
<arg>${username}</arg>
<status status="PASS" starttime="20251116 23:26:44.816" endtime="20251116 23:26:44.816"/>
</kw>
<kw name="Input" library="AppLibrary">
<arg>${password}</arg>
<status status="PASS" starttime="20251116 23:26:44.816" endtime="20251116 23:26:44.816"/>
</kw>
<kw name="Run Application" library="AppLibrary">
<status status="PASS" starttime="20251116 23:26:44.816" endtime="20251116 23:26:44.816"/>
</kw>
<status status="PASS" starttime="20251116 23:26:44.816" endtime="20251116 23:26:44.816"/>
</kw>
<kw name="Output Should Contain" library="AppLibrary">
<arg>Logged in</arg>
<status status="PASS" starttime="20251116 23:26:44.816" endtime="20251116 23:26:44.816"/>
</kw>
<status status="PASS" starttime="20251116 23:26:44.814" endtime="20251116 23:26:44.816"/>
</test>
<test id="s1-t2" name="Login With Incorrect Password" line="10">
<kw name="Create User And Input Login Command" type="SETUP">
<kw name="Create User" library="AppLibrary">
<arg>kalle</arg>
<arg>kalle123</arg>
<status status="PASS" starttime="20251116 23:26:44.817" endtime="20251116 23:26:44.817"/>
</kw>
<kw name="Input Login Command" library="resource">
<kw name="Input" library="AppLibrary">
<arg>login</arg>
<status status="PASS" starttime="20251116 23:26:44.817" endtime="20251116 23:26:44.817"/>
</kw>
<status status="PASS" starttime="20251116 23:26:44.817" endtime="20251116 23:26:44.817"/>
</kw>
<status status="PASS" starttime="20251116 23:26:44.817" endtime="20251116 23:26:44.817"/>
</kw>
<kw name="Input Credentials" library="resource">
<arg>kalle</arg>
<arg>kissa</arg>
<kw name="Input" library="AppLibrary">
<arg>${username}</arg>
<status status="PASS" starttime="20251116 23:26:44.818" endtime="20251116 23:26:44.818"/>
</kw>
<kw name="Input" library="AppLibrary">
<arg>${password}</arg>
<status status="PASS" starttime="20251116 23:26:44.818" endtime="20251116 23:26:44.818"/>
</kw>
<kw name="Run Application" library="AppLibrary">
<status status="PASS" starttime="20251116 23:26:44.818" endtime="20251116 23:26:44.818"/>
</kw>
<status status="PASS" starttime="20251116 23:26:44.818" endtime="20251116 23:26:44.818"/>
</kw>
<kw name="Output Should Contain" library="AppLibrary">
<arg>Invalid username or password</arg>
<status status="PASS" starttime="20251116 23:26:44.818" endtime="20251116 23:26:44.818"/>
</kw>
<status status="PASS" starttime="20251116 23:26:44.817" endtime="20251116 23:26:44.818"/>
</test>
<test id="s1-t3" name="Login With Nonexistent Username" line="14">
<kw name="Create User And Input Login Command" type="SETUP">
<kw name="Create User" library="AppLibrary">
<arg>kalle</arg>
<arg>kalle123</arg>
<status status="PASS" starttime="20251116 23:26:44.819" endtime="20251116 23:26:44.820"/>
</kw>
<kw name="Input Login Command" library="resource">
<kw name="Input" library="AppLibrary">
<arg>login</arg>
<status status="PASS" starttime="20251116 23:26:44.821" endtime="20251116 23:26:44.821"/>
</kw>
<status status="PASS" starttime="20251116 23:26:44.821" endtime="20251116 23:26:44.822"/>
</kw>
<status status="PASS" starttime="20251116 23:26:44.819" endtime="20251116 23:26:44.822"/>
</kw>
<kw name="Input Credentials" library="resource">
<arg>pekka</arg>
<arg>kalle123</arg>
<kw name="Input" library="AppLibrary">
<arg>${username}</arg>
<status status="PASS" starttime="20251116 23:26:44.822" endtime="20251116 23:26:44.822"/>
</kw>
<kw name="Input" library="AppLibrary">
<arg>${password}</arg>
<status status="PASS" starttime="20251116 23:26:44.822" endtime="20251116 23:26:44.822"/>
</kw>
<kw name="Run Application" library="AppLibrary">
<status status="PASS" starttime="20251116 23:26:44.822" endtime="20251116 23:26:44.822"/>
</kw>
<status status="PASS" starttime="20251116 23:26:44.822" endtime="20251116 23:26:44.822"/>
</kw>
<kw name="Output Should Contain" library="AppLibrary">
<arg>Invalid username or password</arg>
<status status="PASS" starttime="20251116 23:26:44.823" endtime="20251116 23:26:44.823"/>
</kw>
<status status="PASS" starttime="20251116 23:26:44.819" endtime="20251116 23:26:44.823"/>
</test>
<status status="PASS" starttime="20251116 23:26:44.766" endtime="20251116 23:26:44.824"/>
</suite>
<statistics>
<total>
<stat pass="3" fail="0" skip="0">All Tests</stat>
</total>
<tag>
</tag>
<suite>
<stat pass="3" fail="0" skip="0" id="s1" name="Login">Login</stat>
</suite>
</statistics>
<errors>
</errors>
</robot>
